<?xml version="1.0" encoding="UTF-8"?>
<testsuite xmlns:xsi="http://www.w3.org/2001/XMLSchema-instance" xsi:noNamespaceSchemaLocation="https://maven.apache.org/surefire/maven-surefire-plugin/xsd/surefire-test-report.xsd" name="domi.testMonPresta.RechercheTest" time="9.265" tests="2" errors="0" skipped="0" failures="0">
  <properties>
[...]
</properties>
  <testcase name="testRechercheInfructueuse" classname="domi.testMonPresta.RechercheTest" time="3.366"/>
  <testcase name="testRecherche" classname="domi.testMonPresta.RechercheTest" time="5.897"/>
</testsuite>