<?xml version="1.0" encoding="UTF-8"?>
<testsuite xmlns:xsi="http://www.w3.org/2001/XMLSchema-instance" xsi:noNamespaceSchemaLocation="https://maven.apache.org/surefire/maven-surefire-plugin/xsd/surefire-test-report.xsd" name="domi.testMonPresta.prestashopTest" time="33.284" tests="16" errors="15" skipped="0" failures="0">
  <properties>
[...]
</properties>
  <testcase name="testPrestashop4" classname="domi.testMonPresta.prestashopTest" time="1.826">
    <error message="Unrecognized platform: mac os x&#10;Build info: version: &apos;3.5.1&apos;, revision: &apos;9c21bb67ef&apos;, time: &apos;2017-08-17T15:26:08.955Z&apos;&#10;System info: host: &apos;Airdedominique&apos;, ip: &apos;fe80:0:0:0:ce3:5aed:d08d:c597%en0&apos;, os.name: &apos;Mac OS X&apos;, os.arch: &apos;aarch64&apos;, os.version: &apos;12.5&apos;, java.version: &apos;17.0.4.1&apos;&#10;Driver info: driver.version: RemoteWebDriver" type="org.openqa.selenium.WebDriverException">org.openqa.selenium.WebDriverException: 
Unrecognized platform: mac os x
Build info: version: '3.5.1', revision: '9c21bb67ef', time: '2017-08-17T15:26:08.955Z'
System info: host: 'Airdedominique', ip: 'fe80:0:0:0:ce3:5aed:d08d:c597%en0', os.name: 'Mac OS X', os.arch: 'aarch64', os.version: '12.5', java.version: '17.0.4.1'
Driver info: driver.version: RemoteWebDriver
	at domi.testMonPresta.prestashopTest.testPrestashop4(prestashopTest.java:390)
</error>
    <system-err><![CDATA[SLF4J: No SLF4J providers were found.
SLF4J: Defaulting to no-operation (NOP) logger implementation
SLF4J: See https://www.slf4j.org/codes.html#noProviders for further details.
SLF4J: Class path contains SLF4J bindings targeting slf4j-api versions 1.7.x or earlier.
SLF4J: Ignoring binding found at [jar:file:/Users/dominiquemereaux/.m2/repository/org/slf4j/slf4j-nop/1.5.3/slf4j-nop-1.5.3.jar!/org/slf4j/impl/StaticLoggerBinder.class]
SLF4J: Ignoring binding found at [jar:file:/Users/dominiquemereaux/.m2/repository/org/slf4j/slf4j-jdk14/1.5.6/slf4j-jdk14-1.5.6.jar!/org/slf4j/impl/StaticLoggerBinder.class]
SLF4J: See https://www.slf4j.org/codes.html#ignoredBindings for an explanation.
Starting ChromeDriver 112.0.5615.49 (bd2a7bcb881c11e8cfe3078709382934e3916914-refs/branch-heads/5615@{#936}) on port 10265
Only local connections are allowed.
Please see https://chromedriver.chromium.org/security-considerations for suggestions on keeping ChromeDriver safe.
ChromeDriver was started successfully.
mai 08, 2023 10:39:59 PM org.openqa.selenium.remote.ProtocolHandshake createSession
INFOS: Detected dialect: W3C
]]></system-err>
  </testcase>
  <testcase name="testPrestashop5" classname="domi.testMonPresta.prestashopTest" time="2.103">
    <error message="Unrecognized platform: mac os x&#10;Build info: version: &apos;3.5.1&apos;, revision: &apos;9c21bb67ef&apos;, time: &apos;2017-08-17T15:26:08.955Z&apos;&#10;System info: host: &apos;Airdedominique&apos;, ip: &apos;fe80:0:0:0:ce3:5aed:d08d:c597%en0&apos;, os.name: &apos;Mac OS X&apos;, os.arch: &apos;aarch64&apos;, os.version: &apos;12.5&apos;, java.version: &apos;17.0.4.1&apos;&#10;Driver info: driver.version: RemoteWebDriver" type="org.openqa.selenium.WebDriverException">org.openqa.selenium.WebDriverException: 
Unrecognized platform: mac os x
Build info: version: '3.5.1', revision: '9c21bb67ef', time: '2017-08-17T15:26:08.955Z'
System info: host: 'Airdedominique', ip: 'fe80:0:0:0:ce3:5aed:d08d:c597%en0', os.name: 'Mac OS X', os.arch: 'aarch64', os.version: '12.5', java.version: '17.0.4.1'
Driver info: driver.version: RemoteWebDriver
	at domi.testMonPresta.prestashopTest.testPrestashop5(prestashopTest.java:299)
</error>
    <system-err><![CDATA[Starting ChromeDriver 112.0.5615.49 (bd2a7bcb881c11e8cfe3078709382934e3916914-refs/branch-heads/5615@{#936}) on port 14971
Only local connections are allowed.
Please see https://chromedriver.chromium.org/security-considerations for suggestions on keeping ChromeDriver safe.
ChromeDriver was started successfully.
mai 08, 2023 10:40:00 PM org.openqa.selenium.remote.ProtocolHandshake createSession
INFOS: Detected dialect: W3C
]]></system-err>
  </testcase>
  <testcase name="testPrestashop6" classname="domi.testMonPresta.prestashopTest" time="3.673">
    <error message="Unrecognized platform: mac os x&#10;Build info: version: &apos;3.5.1&apos;, revision: &apos;9c21bb67ef&apos;, time: &apos;2017-08-17T15:26:08.955Z&apos;&#10;System info: host: &apos;Airdedominique&apos;, ip: &apos;fe80:0:0:0:ce3:5aed:d08d:c597%en0&apos;, os.name: &apos;Mac OS X&apos;, os.arch: &apos;aarch64&apos;, os.version: &apos;12.5&apos;, java.version: &apos;17.0.4.1&apos;&#10;Driver info: driver.version: RemoteWebDriver" type="org.openqa.selenium.WebDriverException">org.openqa.selenium.WebDriverException: 
Unrecognized platform: mac os x
Build info: version: '3.5.1', revision: '9c21bb67ef', time: '2017-08-17T15:26:08.955Z'
System info: host: 'Airdedominique', ip: 'fe80:0:0:0:ce3:5aed:d08d:c597%en0', os.name: 'Mac OS X', os.arch: 'aarch64', os.version: '12.5', java.version: '17.0.4.1'
Driver info: driver.version: RemoteWebDriver
	at domi.testMonPresta.prestashopTest.testPrestashop6(prestashopTest.java:329)
</error>
    <system-err><![CDATA[Starting ChromeDriver 112.0.5615.49 (bd2a7bcb881c11e8cfe3078709382934e3916914-refs/branch-heads/5615@{#936}) on port 35963
Only local connections are allowed.
Please see https://chromedriver.chromium.org/security-considerations for suggestions on keeping ChromeDriver safe.
ChromeDriver was started successfully.
mai 08, 2023 10:40:02 PM org.openqa.selenium.remote.ProtocolHandshake createSession
INFOS: Detected dialect: W3C
]]></system-err>
  </testcase>
  <testcase name="testActions" classname="domi.testMonPresta.prestashopTest" time="2.798">
    <error message="Unrecognized platform: mac os x&#10;Build info: version: &apos;3.5.1&apos;, revision: &apos;9c21bb67ef&apos;, time: &apos;2017-08-17T15:26:08.955Z&apos;&#10;System info: host: &apos;Airdedominique&apos;, ip: &apos;fe80:0:0:0:ce3:5aed:d08d:c597%en0&apos;, os.name: &apos;Mac OS X&apos;, os.arch: &apos;aarch64&apos;, os.version: &apos;12.5&apos;, java.version: &apos;17.0.4.1&apos;&#10;Driver info: driver.version: RemoteWebDriver" type="org.openqa.selenium.WebDriverException">org.openqa.selenium.WebDriverException: 
Unrecognized platform: mac os x
Build info: version: '3.5.1', revision: '9c21bb67ef', time: '2017-08-17T15:26:08.955Z'
System info: host: 'Airdedominique', ip: 'fe80:0:0:0:ce3:5aed:d08d:c597%en0', os.name: 'Mac OS X', os.arch: 'aarch64', os.version: '12.5', java.version: '17.0.4.1'
Driver info: driver.version: RemoteWebDriver
	at domi.testMonPresta.prestashopTest.testActions(prestashopTest.java:271)
</error>
    <system-err><![CDATA[Starting ChromeDriver 112.0.5615.49 (bd2a7bcb881c11e8cfe3078709382934e3916914-refs/branch-heads/5615@{#936}) on port 41846
Only local connections are allowed.
Please see https://chromedriver.chromium.org/security-considerations for suggestions on keeping ChromeDriver safe.
ChromeDriver was started successfully.
mai 08, 2023 10:40:06 PM org.openqa.selenium.remote.ProtocolHandshake createSession
INFOS: Detected dialect: W3C
]]></system-err>
  </testcase>
  <testcase name="testFenetre" classname="domi.testMonPresta.prestashopTest" time="1.166">
    <error message="Unrecognized platform: mac os x&#10;Build info: version: &apos;3.5.1&apos;, revision: &apos;9c21bb67ef&apos;, time: &apos;2017-08-17T15:26:08.955Z&apos;&#10;System info: host: &apos;Airdedominique&apos;, ip: &apos;fe80:0:0:0:ce3:5aed:d08d:c597%en0&apos;, os.name: &apos;Mac OS X&apos;, os.arch: &apos;aarch64&apos;, os.version: &apos;12.5&apos;, java.version: &apos;17.0.4.1&apos;&#10;Driver info: driver.version: RemoteWebDriver" type="org.openqa.selenium.WebDriverException">org.openqa.selenium.WebDriverException: 
Unrecognized platform: mac os x
Build info: version: '3.5.1', revision: '9c21bb67ef', time: '2017-08-17T15:26:08.955Z'
System info: host: 'Airdedominique', ip: 'fe80:0:0:0:ce3:5aed:d08d:c597%en0', os.name: 'Mac OS X', os.arch: 'aarch64', os.version: '12.5', java.version: '17.0.4.1'
Driver info: driver.version: RemoteWebDriver
	at domi.testMonPresta.prestashopTest.testFenetre(prestashopTest.java:376)
</error>
    <system-err><![CDATA[Starting ChromeDriver 112.0.5615.49 (bd2a7bcb881c11e8cfe3078709382934e3916914-refs/branch-heads/5615@{#936}) on port 35375
Only local connections are allowed.
Please see https://chromedriver.chromium.org/security-considerations for suggestions on keeping ChromeDriver safe.
ChromeDriver was started successfully.
mai 08, 2023 10:40:09 PM org.openqa.selenium.remote.ProtocolHandshake createSession
INFOS: Detected dialect: W3C
]]></system-err>
  </testcase>
  <testcase name="testPrestashopAPK" classname="domi.testMonPresta.prestashopTest" time="0.933">
    <error message="Could not start a new session. Possible causes are invalid address of the remote server or browser start-up failure.&#10;Build info: version: &apos;3.5.1&apos;, revision: &apos;9c21bb67ef&apos;, time: &apos;2017-08-17T15:26:08.955Z&apos;&#10;System info: host: &apos;Airdedominique&apos;, ip: &apos;fe80:0:0:0:ce3:5aed:d08d:c597%en0&apos;, os.name: &apos;Mac OS X&apos;, os.arch: &apos;aarch64&apos;, os.version: &apos;12.5&apos;, java.version: &apos;17.0.4.1&apos;&#10;Driver info: driver.version: RemoteWebDriver" type="org.openqa.selenium.remote.UnreachableBrowserException">org.openqa.selenium.remote.UnreachableBrowserException: 
Could not start a new session. Possible causes are invalid address of the remote server or browser start-up failure.
Build info: version: '3.5.1', revision: '9c21bb67ef', time: '2017-08-17T15:26:08.955Z'
System info: host: 'Airdedominique', ip: 'fe80:0:0:0:ce3:5aed:d08d:c597%en0', os.name: 'Mac OS X', os.arch: 'aarch64', os.version: '12.5', java.version: '17.0.4.1'
Driver info: driver.version: RemoteWebDriver
	at domi.testMonPresta.prestashopTest.testPrestashopAPK(prestashopTest.java:423)
Caused by: org.apache.http.conn.HttpHostConnectException: Connect to 127.0.0.1:4723 [/127.0.0.1] failed: Connection refused
	at domi.testMonPresta.prestashopTest.testPrestashopAPK(prestashopTest.java:423)
Caused by: java.net.ConnectException: Connection refused
	at domi.testMonPresta.prestashopTest.testPrestashopAPK(prestashopTest.java:423)
</error>
    <system-err><![CDATA[Starting ChromeDriver 112.0.5615.49 (bd2a7bcb881c11e8cfe3078709382934e3916914-refs/branch-heads/5615@{#936}) on port 28889
Only local connections are allowed.
Please see https://chromedriver.chromium.org/security-considerations for suggestions on keeping ChromeDriver safe.
ChromeDriver was started successfully.
mai 08, 2023 10:40:10 PM org.openqa.selenium.remote.ProtocolHandshake createSession
INFOS: Detected dialect: W3C
]]></system-err>
  </testcase>
  <testcase name="testJavascript" classname="domi.testMonPresta.prestashopTest" time="2.173">
    <error message="Unrecognized platform: mac os x&#10;Build info: version: &apos;3.5.1&apos;, revision: &apos;9c21bb67ef&apos;, time: &apos;2017-08-17T15:26:08.955Z&apos;&#10;System info: host: &apos;Airdedominique&apos;, ip: &apos;fe80:0:0:0:ce3:5aed:d08d:c597%en0&apos;, os.name: &apos;Mac OS X&apos;, os.arch: &apos;aarch64&apos;, os.version: &apos;12.5&apos;, java.version: &apos;17.0.4.1&apos;&#10;Driver info: driver.version: RemoteWebDriver" type="org.openqa.selenium.WebDriverException">org.openqa.selenium.WebDriverException: 
Unrecognized platform: mac os x
Build info: version: '3.5.1', revision: '9c21bb67ef', time: '2017-08-17T15:26:08.955Z'
System info: host: 'Airdedominique', ip: 'fe80:0:0:0:ce3:5aed:d08d:c597%en0', os.name: 'Mac OS X', os.arch: 'aarch64', os.version: '12.5', java.version: '17.0.4.1'
Driver info: driver.version: RemoteWebDriver
	at domi.testMonPresta.prestashopTest.testJavascript(prestashopTest.java:365)
</error>
    <system-err><![CDATA[Starting ChromeDriver 112.0.5615.49 (bd2a7bcb881c11e8cfe3078709382934e3916914-refs/branch-heads/5615@{#936}) on port 26387
Only local connections are allowed.
Please see https://chromedriver.chromium.org/security-considerations for suggestions on keeping ChromeDriver safe.
ChromeDriver was started successfully.
mai 08, 2023 10:40:11 PM org.openqa.selenium.remote.ProtocolHandshake createSession
INFOS: Detected dialect: W3C
]]></system-err>
  </testcase>
  <testcase name="testLaFrame" classname="domi.testMonPresta.prestashopTest" time="2.028">
    <error message="Unrecognized platform: mac os x&#10;Build info: version: &apos;3.5.1&apos;, revision: &apos;9c21bb67ef&apos;, time: &apos;2017-08-17T15:26:08.955Z&apos;&#10;System info: host: &apos;Airdedominique&apos;, ip: &apos;fe80:0:0:0:ce3:5aed:d08d:c597%en0&apos;, os.name: &apos;Mac OS X&apos;, os.arch: &apos;aarch64&apos;, os.version: &apos;12.5&apos;, java.version: &apos;17.0.4.1&apos;&#10;Driver info: driver.version: RemoteWebDriver" type="org.openqa.selenium.WebDriverException">org.openqa.selenium.WebDriverException: 
Unrecognized platform: mac os x
Build info: version: '3.5.1', revision: '9c21bb67ef', time: '2017-08-17T15:26:08.955Z'
System info: host: 'Airdedominique', ip: 'fe80:0:0:0:ce3:5aed:d08d:c597%en0', os.name: 'Mac OS X', os.arch: 'aarch64', os.version: '12.5', java.version: '17.0.4.1'
Driver info: driver.version: RemoteWebDriver
	at domi.testMonPresta.prestashopTest.testLaFrame(prestashopTest.java:185)
</error>
    <system-err><![CDATA[Starting ChromeDriver 112.0.5615.49 (bd2a7bcb881c11e8cfe3078709382934e3916914-refs/branch-heads/5615@{#936}) on port 36542
Only local connections are allowed.
Please see https://chromedriver.chromium.org/security-considerations for suggestions on keeping ChromeDriver safe.
ChromeDriver was started successfully.
mai 08, 2023 10:40:13 PM org.openqa.selenium.remote.ProtocolHandshake createSession
INFOS: Detected dialect: W3C
log4j:WARN No appenders could be found for logger (domi.testMonPresta.prestashopTest).
log4j:WARN Please initialize the log4j system properly.
log4j:WARN See http://logging.apache.org/log4j/1.2/faq.html#noconfig for more info.
]]></system-err>
  </testcase>
  <testcase name="testPrestashopCopie" classname="domi.testMonPresta.prestashopTest" time="2.626"/>
  <testcase name="testPrestashopAttente" classname="domi.testMonPresta.prestashopTest" time="2.242">
    <error message="Unrecognized platform: mac os x&#10;Build info: version: &apos;3.5.1&apos;, revision: &apos;9c21bb67ef&apos;, time: &apos;2017-08-17T15:26:08.955Z&apos;&#10;System info: host: &apos;Airdedominique&apos;, ip: &apos;fe80:0:0:0:ce3:5aed:d08d:c597%en0&apos;, os.name: &apos;Mac OS X&apos;, os.arch: &apos;aarch64&apos;, os.version: &apos;12.5&apos;, java.version: &apos;17.0.4.1&apos;&#10;Driver info: driver.version: RemoteWebDriver" type="org.openqa.selenium.WebDriverException">org.openqa.selenium.WebDriverException: 
Unrecognized platform: mac os x
Build info: version: '3.5.1', revision: '9c21bb67ef', time: '2017-08-17T15:26:08.955Z'
System info: host: 'Airdedominique', ip: 'fe80:0:0:0:ce3:5aed:d08d:c597%en0', os.name: 'Mac OS X', os.arch: 'aarch64', os.version: '12.5', java.version: '17.0.4.1'
Driver info: driver.version: RemoteWebDriver
	at domi.testMonPresta.prestashopTest.testPrestashopAttente(prestashopTest.java:312)
</error>
    <system-err><![CDATA[Starting ChromeDriver 112.0.5615.49 (bd2a7bcb881c11e8cfe3078709382934e3916914-refs/branch-heads/5615@{#936}) on port 6889
Only local connections are allowed.
Please see https://chromedriver.chromium.org/security-considerations for suggestions on keeping ChromeDriver safe.
ChromeDriver was started successfully.
mai 08, 2023 10:40:18 PM org.openqa.selenium.remote.ProtocolHandshake createSession
INFOS: Detected dialect: W3C
]]></system-err>
  </testcase>
  <testcase name="testPrestashopAction" classname="domi.testMonPresta.prestashopTest" time="2.084">
    <error message="Unrecognized platform: mac os x&#10;Build info: version: &apos;3.5.1&apos;, revision: &apos;9c21bb67ef&apos;, time: &apos;2017-08-17T15:26:08.955Z&apos;&#10;System info: host: &apos;Airdedominique&apos;, ip: &apos;fe80:0:0:0:ce3:5aed:d08d:c597%en0&apos;, os.name: &apos;Mac OS X&apos;, os.arch: &apos;aarch64&apos;, os.version: &apos;12.5&apos;, java.version: &apos;17.0.4.1&apos;&#10;Driver info: driver.version: RemoteWebDriver" type="org.openqa.selenium.WebDriverException">org.openqa.selenium.WebDriverException: 
Unrecognized platform: mac os x
Build info: version: '3.5.1', revision: '9c21bb67ef', time: '2017-08-17T15:26:08.955Z'
System info: host: 'Airdedominique', ip: 'fe80:0:0:0:ce3:5aed:d08d:c597%en0', os.name: 'Mac OS X', os.arch: 'aarch64', os.version: '12.5', java.version: '17.0.4.1'
Driver info: driver.version: RemoteWebDriver
	at domi.testMonPresta.prestashopTest.testPrestashopAction(prestashopTest.java:403)
</error>
    <system-err><![CDATA[Starting ChromeDriver 112.0.5615.49 (bd2a7bcb881c11e8cfe3078709382934e3916914-refs/branch-heads/5615@{#936}) on port 44587
Only local connections are allowed.
Please see https://chromedriver.chromium.org/security-considerations for suggestions on keeping ChromeDriver safe.
ChromeDriver was started successfully.
mai 08, 2023 10:40:20 PM org.openqa.selenium.remote.ProtocolHandshake createSession
INFOS: Detected dialect: W3C
]]></system-err>
  </testcase>
  <testcase name="checkerLaBOX" classname="domi.testMonPresta.prestashopTest" time="2.139">
    <error message="Unrecognized platform: mac os x&#10;Build info: version: &apos;3.5.1&apos;, revision: &apos;9c21bb67ef&apos;, time: &apos;2017-08-17T15:26:08.955Z&apos;&#10;System info: host: &apos;Airdedominique&apos;, ip: &apos;fe80:0:0:0:ce3:5aed:d08d:c597%en0&apos;, os.name: &apos;Mac OS X&apos;, os.arch: &apos;aarch64&apos;, os.version: &apos;12.5&apos;, java.version: &apos;17.0.4.1&apos;&#10;Driver info: driver.version: RemoteWebDriver" type="org.openqa.selenium.WebDriverException">org.openqa.selenium.WebDriverException: 
Unrecognized platform: mac os x
Build info: version: '3.5.1', revision: '9c21bb67ef', time: '2017-08-17T15:26:08.955Z'
System info: host: 'Airdedominique', ip: 'fe80:0:0:0:ce3:5aed:d08d:c597%en0', os.name: 'Mac OS X', os.arch: 'aarch64', os.version: '12.5', java.version: '17.0.4.1'
Driver info: driver.version: RemoteWebDriver
	at domi.testMonPresta.prestashopTest.checkerLaBOX(prestashopTest.java:168)
</error>
    <system-err><![CDATA[Starting ChromeDriver 112.0.5615.49 (bd2a7bcb881c11e8cfe3078709382934e3916914-refs/branch-heads/5615@{#936}) on port 49013
Only local connections are allowed.
Please see https://chromedriver.chromium.org/security-considerations for suggestions on keeping ChromeDriver safe.
ChromeDriver was started successfully.
mai 08, 2023 10:40:22 PM org.openqa.selenium.remote.ProtocolHandshake createSession
INFOS: Detected dialect: W3C
]]></system-err>
  </testcase>
  <testcase name="chercherLeMug2" classname="domi.testMonPresta.prestashopTest" time="2.737">
    <error message="Unrecognized platform: mac os x&#10;Build info: version: &apos;3.5.1&apos;, revision: &apos;9c21bb67ef&apos;, time: &apos;2017-08-17T15:26:08.955Z&apos;&#10;System info: host: &apos;Airdedominique&apos;, ip: &apos;fe80:0:0:0:ce3:5aed:d08d:c597%en0&apos;, os.name: &apos;Mac OS X&apos;, os.arch: &apos;aarch64&apos;, os.version: &apos;12.5&apos;, java.version: &apos;17.0.4.1&apos;&#10;Driver info: driver.version: RemoteWebDriver" type="org.openqa.selenium.WebDriverException">org.openqa.selenium.WebDriverException: 
Unrecognized platform: mac os x
Build info: version: '3.5.1', revision: '9c21bb67ef', time: '2017-08-17T15:26:08.955Z'
System info: host: 'Airdedominique', ip: 'fe80:0:0:0:ce3:5aed:d08d:c597%en0', os.name: 'Mac OS X', os.arch: 'aarch64', os.version: '12.5', java.version: '17.0.4.1'
Driver info: driver.version: RemoteWebDriver
	at domi.testMonPresta.prestashopTest.chercherLeMug2(prestashopTest.java:135)
</error>
    <system-err><![CDATA[Starting ChromeDriver 112.0.5615.49 (bd2a7bcb881c11e8cfe3078709382934e3916914-refs/branch-heads/5615@{#936}) on port 17670
Only local connections are allowed.
Please see https://chromedriver.chromium.org/security-considerations for suggestions on keeping ChromeDriver safe.
ChromeDriver was started successfully.
mai 08, 2023 10:40:24 PM org.openqa.selenium.remote.ProtocolHandshake createSession
INFOS: Detected dialect: W3C
]]></system-err>
  </testcase>
  <testcase name="chercherLeMugF" classname="domi.testMonPresta.prestashopTest" time="0.789">
    <error message="Session ID is null. Using WebDriver after calling quit()?&#10;Build info: version: &apos;3.5.1&apos;, revision: &apos;9c21bb67ef&apos;, time: &apos;2017-08-17T15:26:08.955Z&apos;&#10;System info: host: &apos;Airdedominique&apos;, ip: &apos;fe80:0:0:0:ce3:5aed:d08d:c597%en0&apos;, os.name: &apos;Mac OS X&apos;, os.arch: &apos;aarch64&apos;, os.version: &apos;12.5&apos;, java.version: &apos;17.0.4.1&apos;&#10;Driver info: driver.version: RemoteWebDriver" type="org.openqa.selenium.NoSuchSessionException">org.openqa.selenium.NoSuchSessionException: 
Session ID is null. Using WebDriver after calling quit()?
Build info: version: '3.5.1', revision: '9c21bb67ef', time: '2017-08-17T15:26:08.955Z'
System info: host: 'Airdedominique', ip: 'fe80:0:0:0:ce3:5aed:d08d:c597%en0', os.name: 'Mac OS X', os.arch: 'aarch64', os.version: '12.5', java.version: '17.0.4.1'
Driver info: driver.version: RemoteWebDriver
	at domi.testMonPresta.prestashopTest.chercherLeMugF(prestashopTest.java:119)
</error>
    <system-err><![CDATA[Starting ChromeDriver 112.0.5615.49 (bd2a7bcb881c11e8cfe3078709382934e3916914-refs/branch-heads/5615@{#936}) on port 24352
Only local connections are allowed.
Please see https://chromedriver.chromium.org/security-considerations for suggestions on keeping ChromeDriver safe.
ChromeDriver was started successfully.
mai 08, 2023 10:40:27 PM org.openqa.selenium.remote.ProtocolHandshake createSession
INFOS: Detected dialect: W3C
]]></system-err>
  </testcase>
  <testcase name="compterLesFenetres" classname="domi.testMonPresta.prestashopTest" time="1.764">
    <error message="Unrecognized platform: mac os x&#10;Build info: version: &apos;3.5.1&apos;, revision: &apos;9c21bb67ef&apos;, time: &apos;2017-08-17T15:26:08.955Z&apos;&#10;System info: host: &apos;Airdedominique&apos;, ip: &apos;fe80:0:0:0:ce3:5aed:d08d:c597%en0&apos;, os.name: &apos;Mac OS X&apos;, os.arch: &apos;aarch64&apos;, os.version: &apos;12.5&apos;, java.version: &apos;17.0.4.1&apos;&#10;Driver info: driver.version: RemoteWebDriver" type="org.openqa.selenium.WebDriverException">org.openqa.selenium.WebDriverException: 
Unrecognized platform: mac os x
Build info: version: '3.5.1', revision: '9c21bb67ef', time: '2017-08-17T15:26:08.955Z'
System info: host: 'Airdedominique', ip: 'fe80:0:0:0:ce3:5aed:d08d:c597%en0', os.name: 'Mac OS X', os.arch: 'aarch64', os.version: '12.5', java.version: '17.0.4.1'
Driver info: driver.version: RemoteWebDriver
	at domi.testMonPresta.prestashopTest.compterLesFenetres(prestashopTest.java:252)
</error>
    <system-err><![CDATA[Starting ChromeDriver 112.0.5615.49 (bd2a7bcb881c11e8cfe3078709382934e3916914-refs/branch-heads/5615@{#936}) on port 2420
Only local connections are allowed.
Please see https://chromedriver.chromium.org/security-considerations for suggestions on keeping ChromeDriver safe.
ChromeDriver was started successfully.
mai 08, 2023 10:40:28 PM org.openqa.selenium.remote.ProtocolHandshake createSession
INFOS: Detected dialect: W3C
]]></system-err>
  </testcase>
  <testcase name="testPrestashopCurrency" classname="domi.testMonPresta.prestashopTest" time="2.191">
    <error message="Unrecognized platform: mac os x&#10;Build info: version: &apos;3.5.1&apos;, revision: &apos;9c21bb67ef&apos;, time: &apos;2017-08-17T15:26:08.955Z&apos;&#10;System info: host: &apos;Airdedominique&apos;, ip: &apos;fe80:0:0:0:ce3:5aed:d08d:c597%en0&apos;, os.name: &apos;Mac OS X&apos;, os.arch: &apos;aarch64&apos;, os.version: &apos;12.5&apos;, java.version: &apos;17.0.4.1&apos;&#10;Driver info: driver.version: RemoteWebDriver" type="org.openqa.selenium.WebDriverException">org.openqa.selenium.WebDriverException: 
Unrecognized platform: mac os x
Build info: version: '3.5.1', revision: '9c21bb67ef', time: '2017-08-17T15:26:08.955Z'
System info: host: 'Airdedominique', ip: 'fe80:0:0:0:ce3:5aed:d08d:c597%en0', os.name: 'Mac OS X', os.arch: 'aarch64', os.version: '12.5', java.version: '17.0.4.1'
Driver info: driver.version: RemoteWebDriver
	at domi.testMonPresta.prestashopTest.testPrestashopCurrency(prestashopTest.java:345)
</error>
    <system-err><![CDATA[Starting ChromeDriver 112.0.5615.49 (bd2a7bcb881c11e8cfe3078709382934e3916914-refs/branch-heads/5615@{#936}) on port 23528
Only local connections are allowed.
Please see https://chromedriver.chromium.org/security-considerations for suggestions on keeping ChromeDriver safe.
ChromeDriver was started successfully.
mai 08, 2023 10:40:29 PM org.openqa.selenium.remote.ProtocolHandshake createSession
INFOS: Detected dialect: W3C
]]></system-err>
  </testcase>
</testsuite>